<?xml version="1.0" encoding="UTF-8"?>
<testsuite name="com.virtualpairprogrammers.VehiclePositionTests" time="0.015" tests="3" errors="0" skipped="0" failures="0">
  <properties>
[...]
</properties>
  <testcase name="testNonEquality" classname="com.virtualpairprogrammers.VehiclePositionTests" time="0.015"/>
  <testcase name="testEqualityOfVehiclePositions" classname="com.virtualpairprogrammers.VehiclePositionTests" time="0"/>
  <testcase name="testDifferentVehiclesAreNeverEqual" classname="com.virtualpairprogrammers.VehiclePositionTests" time="0"/>
</testsuite>